{"/media/jb/Main/dev/simple-exchangerates-api/src/app.ts": {"path":"/media/jb/Main/dev/simple-exchangerates-api/src/app.ts","statementMap":{"0":{"start":{"line":1,"column":0},"end":{"line":1,"column":21}},"1":{"start":{"line":2,"column":0},"end":{"line":2,"column":30}},"2":{"start":{"line":3,"column":0},"end":{"line":3,"column":27}},"3":{"start":{"line":4,"column":0},"end":{"line":4,"column":34}},"4":{"start":{"line":5,"column":0},"end":{"line":5,"column":42}},"5":{"start":{"line":7,"column":12},"end":{"line":7,"column":21}},"6":{"start":{"line":9,"column":0},"end":{"line":9,"column":null}},"7":{"start":{"line":10,"column":0},"end":{"line":10,"column":null}},"8":{"start":{"line":11,"column":0},"end":{"line":11,"column":null}},"9":{"start":{"line":12,"column":0},"end":{"line":12,"column":null}},"10":{"start":{"line":14,"column":0},"end":{"line":14,"column":null}}},"fnMap":{},"branchMap":{},"s":{"0":2,"1":2,"2":2,"3":2,"4":2,"5":2,"6":2,"7":2,"8":2,"9":2,"10":2},"f":{},"b":{}}
,"/media/jb/Main/dev/simple-exchangerates-api/src/index.ts": {"path":"/media/jb/Main/dev/simple-exchangerates-api/src/index.ts","statementMap":{"0":{"start":{"line":1,"column":0},"end":{"line":1,"column":23}},"1":{"start":{"line":2,"column":0},"end":{"line":2,"column":null}}},"fnMap":{},"branchMap":{},"s":{"0":2,"1":2},"f":{},"b":{}}
,"/media/jb/Main/dev/simple-exchangerates-api/src/lib/rates.ts": {"path":"/media/jb/Main/dev/simple-exchangerates-api/src/lib/rates.ts","statementMap":{"0":{"start":{"line":3,"column":22},"end":{"line":15,"column":null}},"1":{"start":{"line":17,"column":13},"end":{"line":17,"column":40}},"2":{"start":{"line":19,"column":13},"end":{"line":19,"column":null}},"3":{"start":{"line":21,"column":35},"end":{"line":21,"column":79}},"4":{"start":{"line":21,"column":66},"end":{"line":21,"column":null}},"5":{"start":{"line":21,"column":13},"end":{"line":21,"column":35}},"6":{"start":{"line":23,"column":35},"end":{"line":40,"column":1}},"7":{"start":{"line":23,"column":36},"end":{"line":23,"column":null}},"8":{"start":{"line":24,"column":21},"end":{"line":24,"column":42}},"9":{"start":{"line":25,"column":4},"end":{"line":25,"column":null}},"10":{"start":{"line":25,"column":42},"end":{"line":25,"column":null}},"11":{"start":{"line":27,"column":29},"end":{"line":27,"column":51}},"12":{"start":{"line":28,"column":28},"end":{"line":28,"column":40}},"13":{"start":{"line":30,"column":4},"end":{"line":39,"column":null}},"14":{"start":{"line":31,"column":38},"end":{"line":31,"column":59}},"15":{"start":{"line":32,"column":20},"end":{"line":32,"column":66}},"16":{"start":{"line":33,"column":33},"end":{"line":33,"column":100}},"17":{"start":{"line":34,"column":26},"end":{"line":34,"column":86}},"18":{"start":{"line":36,"column":8},"end":{"line":36,"column":null}},"19":{"start":{"line":38,"column":8},"end":{"line":38,"column":null}},"20":{"start":{"line":23,"column":13},"end":{"line":23,"column":35}},"21":{"start":{"line":42,"column":31},"end":{"line":50,"column":1}},"22":{"start":{"line":44,"column":4},"end":{"line":44,"column":null}},"23":{"start":{"line":44,"column":42},"end":{"line":44,"column":null}},"24":{"start":{"line":47,"column":22},"end":{"line":47,"column":61}},"25":{"start":{"line":49,"column":4},"end":{"line":49,"column":null}},"26":{"start":{"line":42,"column":13},"end":{"line":42,"column":31}},"27":{"start":{"line":52,"column":20},"end":{"line":52,"column":71}},"28":{"start":{"line":52,"column":37},"end":{"line":52,"column":61}},"29":{"start":{"line":52,"column":61},"end":{"line":52,"column":null}},"30":{"start":{"line":54,"column":25},"end":{"line":56,"column":1}},"31":{"start":{"line":55,"column":4},"end":{"line":55,"column":null}},"32":{"start":{"line":59,"column":28},"end":{"line":68,"column":2}},"33":{"start":{"line":61,"column":22},"end":{"line":61,"column":121}},"34":{"start":{"line":61,"column":88},"end":{"line":61,"column":119}},"35":{"start":{"line":62,"column":22},"end":{"line":62,"column":127}},"36":{"start":{"line":62,"column":53},"end":{"line":62,"column":125}},"37":{"start":{"line":64,"column":4},"end":{"line":67,"column":null}},"38":{"start":{"line":59,"column":13},"end":{"line":59,"column":28}}},"fnMap":{"0":{"name":"(anonymous_0)","decl":{"start":{"line":21,"column":35},"end":{"line":21,"column":66}},"loc":{"start":{"line":21,"column":35},"end":{"line":21,"column":79}}},"1":{"name":"(anonymous_1)","decl":{"start":{"line":23,"column":35},"end":{"line":23,"column":36}},"loc":{"start":{"line":23,"column":66},"end":{"line":40,"column":1}}},"2":{"name":"(anonymous_2)","decl":{"start":{"line":30,"column":40},"end":{"line":30,"column":41}},"loc":{"start":{"line":30,"column":77},"end":{"line":39,"column":5}}},"3":{"name":"(anonymous_3)","decl":{"start":{"line":42,"column":31},"end":{"line":42,"column":32}},"loc":{"start":{"line":42,"column":75},"end":{"line":50,"column":1}}},"4":{"name":"(anonymous_4)","decl":{"start":{"line":52,"column":20},"end":{"line":52,"column":21}},"loc":{"start":{"line":52,"column":57},"end":{"line":52,"column":71}}},"5":{"name":"(anonymous_5)","decl":{"start":{"line":54,"column":25},"end":{"line":54,"column":26}},"loc":{"start":{"line":54,"column":49},"end":{"line":56,"column":1}}},"6":{"name":"(anonymous_6)","decl":{"start":{"line":59,"column":28},"end":{"line":59,"column":29}},"loc":{"start":{"line":59,"column":78},"end":{"line":68,"column":2}}},"7":{"name":"(anonymous_7)","decl":{"start":{"line":61,"column":79},"end":{"line":61,"column":85}},"loc":{"start":{"line":61,"column":85},"end":{"line":61,"column":104}}},"8":{"name":"(anonymous_8)","decl":{"start":{"line":62,"column":36},"end":{"line":62,"column":37}},"loc":{"start":{"line":62,"column":48},"end":{"line":62,"column":56}}}},"branchMap":{"0":{"loc":{"start":{"line":23,"column":36},"end":{"line":23,"column":null}},"type":"if","locations":[{"start":{"line":23,"column":36},"end":{"line":23,"column":null}}]},"1":{"loc":{"start":{"line":25,"column":4},"end":{"line":25,"column":null}},"type":"if","locations":[{"start":{"line":25,"column":4},"end":{"line":25,"column":null}}]},"2":{"loc":{"start":{"line":32,"column":20},"end":{"line":32,"column":66}},"type":"cond-expr","locations":[{"start":{"line":32,"column":44},"end":{"line":32,"column":59}},{"start":{"line":32,"column":62},"end":{"line":32,"column":66}}]},"3":{"loc":{"start":{"line":33,"column":33},"end":{"line":33,"column":100}},"type":"cond-expr","locations":[{"start":{"line":33,"column":57},"end":{"line":33,"column":65}},{"start":{"line":33,"column":68},"end":{"line":33,"column":100}}]},"4":{"loc":{"start":{"line":34,"column":27},"end":{"line":34,"column":53}},"type":"binary-expr","locations":[{"start":{"line":34,"column":27},"end":{"line":34,"column":41}},{"start":{"line":34,"column":45},"end":{"line":34,"column":53}}]},"5":{"loc":{"start":{"line":44,"column":4},"end":{"line":44,"column":null}},"type":"if","locations":[{"start":{"line":44,"column":4},"end":{"line":44,"column":null}}]},"6":{"loc":{"start":{"line":47,"column":22},"end":{"line":47,"column":61}},"type":"binary-expr","locations":[{"start":{"line":47,"column":22},"end":{"line":47,"column":55}},{"start":{"line":47,"column":59},"end":{"line":47,"column":61}}]},"7":{"loc":{"start":{"line":52,"column":37},"end":{"line":52,"column":61}},"type":"if","locations":[{"start":{"line":52,"column":37},"end":{"line":52,"column":61}}]},"8":{"loc":{"start":{"line":55,"column":11},"end":{"line":55,"column":102}},"type":"binary-expr","locations":[{"start":{"line":55,"column":12},"end":{"line":55,"column":96}},{"start":{"line":55,"column":101},"end":{"line":55,"column":102}}]},"9":{"loc":{"start":{"line":55,"column":12},"end":{"line":55,"column":96}},"type":"cond-expr","locations":[{"start":{"line":55,"column":41},"end":{"line":55,"column":80}},{"start":{"line":55,"column":83},"end":{"line":55,"column":96}}]},"10":{"loc":{"start":{"line":55,"column":41},"end":{"line":55,"column":80}},"type":"cond-expr","locations":[{"start":{"line":55,"column":72},"end":{"line":55,"column":74}},{"start":{"line":55,"column":72},"end":{"line":55,"column":80}}]},"11":{"loc":{"start":{"line":55,"column":41},"end":{"line":55,"column":74}},"type":"binary-expr","locations":[{"start":{"line":55,"column":41},"end":{"line":55,"column":74}},{"start":{"line":55,"column":72},"end":{"line":55,"column":74}}]}},"s":{"0":3,"1":3,"2":3,"3":3,"4":14,"5":3,"6":3,"7":12,"8":11,"9":11,"10":1,"11":10,"12":10,"13":10,"14":90,"15":90,"16":90,"17":90,"18":90,"19":90,"20":3,"21":3,"22":9,"23":1,"24":8,"25":8,"26":3,"27":3,"28":93,"29":93,"30":3,"31":5,"32":3,"33":3,"34":5,"35":3,"36":5,"37":3,"38":3},"f":{"0":14,"1":11,"2":90,"3":9,"4":93,"5":5,"6":3,"7":5,"8":5},"b":{"0":[1],"1":[1],"2":[10,80],"3":[10,80],"4":[90,0],"5":[1],"6":[8,0],"7":[0],"8":[5,2],"9":[5,0],"10":[2,3],"11":[5,5]}}
,"/media/jb/Main/dev/simple-exchangerates-api/src/lib/schema.ts": {"path":"/media/jb/Main/dev/simple-exchangerates-api/src/lib/schema.ts","statementMap":{"0":{"start":{"line":3,"column":30},"end":{"line":20,"column":null}},"1":{"start":{"line":3,"column":73},"end":{"line":20,"column":null}},"2":{"start":{"line":7,"column":6},"end":{"line":7,"column":null}},"3":{"start":{"line":8,"column":4},"end":{"line":8,"column":null}},"4":{"start":{"line":10,"column":6},"end":{"line":10,"column":24}},"5":{"start":{"line":11,"column":6},"end":{"line":11,"column":null}},"6":{"start":{"line":14,"column":0},"end":{"line":17,"column":null}},"7":{"start":{"line":19,"column":1},"end":{"line":19,"column":14}},"8":{"start":{"line":3,"column":13},"end":{"line":3,"column":30}}},"fnMap":{"0":{"name":"(anonymous_13)","decl":{"start":{"line":3,"column":30},"end":{"line":3,"column":37}},"loc":{"start":{"line":3,"column":73},"end":{"line":20,"column":null}}},"1":{"name":"(anonymous_14)","decl":{"start":{"line":3,"column":73},"end":{"line":3,"column":null}},"loc":{"start":{"line":3,"column":73},"end":{"line":20,"column":null}}}},"branchMap":{},"s":{"0":2,"1":7,"2":14,"3":4,"4":3,"5":3,"6":3,"7":3,"8":2},"f":{"0":7,"1":7},"b":{}}
,"/media/jb/Main/dev/simple-exchangerates-api/src/routes/rates/index.ts": {"path":"/media/jb/Main/dev/simple-exchangerates-api/src/routes/rates/index.ts","statementMap":{"0":{"start":{"line":1,"column":0},"end":{"line":1,"column":35}},"1":{"start":{"line":3,"column":0},"end":{"line":3,"column":null}}},"fnMap":{},"branchMap":{},"s":{"0":2,"1":2},"f":{},"b":{}}
,"/media/jb/Main/dev/simple-exchangerates-api/src/routes/rates/rates.router.ts": {"path":"/media/jb/Main/dev/simple-exchangerates-api/src/routes/rates/rates.router.ts","statementMap":{"0":{"start":{"line":2,"column":0},"end":{"line":2,"column":31}},"1":{"start":{"line":3,"column":0},"end":{"line":3,"column":49}},"2":{"start":{"line":5,"column":0},"end":{"line":5,"column":66}},"3":{"start":{"line":6,"column":0},"end":{"line":6,"column":73}},"4":{"start":{"line":9,"column":15},"end":{"line":9,"column":27}},"5":{"start":{"line":11,"column":0},"end":{"line":13,"column":null}},"6":{"start":{"line":11,"column":40},"end":{"line":13,"column":2}},"7":{"start":{"line":12,"column":2},"end":{"line":12,"column":6}},"8":{"start":{"line":12,"column":13},"end":{"line":12,"column":null}},"9":{"start":{"line":12,"column":2},"end":{"line":12,"column":null}},"10":{"start":{"line":15,"column":0},"end":{"line":21,"column":null}},"11":{"start":{"line":15,"column":54},"end":{"line":21,"column":2}},"12":{"start":{"line":16,"column":8},"end":{"line":16,"column":28}},"13":{"start":{"line":17,"column":20},"end":{"line":17,"column":30}},"14":{"start":{"line":17,"column":30},"end":{"line":17,"column":null}},"15":{"start":{"line":17,"column":8},"end":{"line":17,"column":null}},"16":{"start":{"line":18,"column":2},"end":{"line":18,"column":24}},"17":{"start":{"line":18,"column":17},"end":{"line":18,"column":24}},"18":{"start":{"line":20,"column":2},"end":{"line":20,"column":6}},"19":{"start":{"line":20,"column":13},"end":{"line":20,"column":null}},"20":{"start":{"line":20,"column":2},"end":{"line":20,"column":null}},"21":{"start":{"line":24,"column":0},"end":{"line":34,"column":null}},"22":{"start":{"line":24,"column":62},"end":{"line":34,"column":2}},"23":{"start":{"line":25,"column":8},"end":{"line":25,"column":28}},"24":{"start":{"line":26,"column":8},"end":{"line":29,"column":29}},"25":{"start":{"line":30,"column":20},"end":{"line":30,"column":30}},"26":{"start":{"line":30,"column":30},"end":{"line":30,"column":null}},"27":{"start":{"line":30,"column":8},"end":{"line":30,"column":null}},"28":{"start":{"line":31,"column":2},"end":{"line":31,"column":24}},"29":{"start":{"line":31,"column":17},"end":{"line":31,"column":24}},"30":{"start":{"line":33,"column":2},"end":{"line":33,"column":6}},"31":{"start":{"line":33,"column":13},"end":{"line":33,"column":null}},"32":{"start":{"line":33,"column":2},"end":{"line":33,"column":null}},"33":{"start":{"line":37,"column":0},"end":{"line":37,"column":null}}},"fnMap":{"0":{"name":"(anonymous_16)","decl":{"start":{"line":11,"column":21},"end":{"line":11,"column":28}},"loc":{"start":{"line":11,"column":40},"end":{"line":13,"column":2}}},"1":{"name":"(anonymous_17)","decl":{"start":{"line":11,"column":40},"end":{"line":11,"column":null}},"loc":{"start":{"line":11,"column":40},"end":{"line":13,"column":2}}},"2":{"name":"(anonymous_19)","decl":{"start":{"line":15,"column":35},"end":{"line":15,"column":42}},"loc":{"start":{"line":15,"column":54},"end":{"line":21,"column":2}}},"3":{"name":"(anonymous_20)","decl":{"start":{"line":15,"column":54},"end":{"line":15,"column":null}},"loc":{"start":{"line":15,"column":54},"end":{"line":21,"column":2}}},"4":{"name":"(anonymous_22)","decl":{"start":{"line":24,"column":43},"end":{"line":24,"column":50}},"loc":{"start":{"line":24,"column":62},"end":{"line":34,"column":2}}},"5":{"name":"(anonymous_23)","decl":{"start":{"line":24,"column":62},"end":{"line":24,"column":null}},"loc":{"start":{"line":24,"column":62},"end":{"line":34,"column":2}}}},"branchMap":{"0":{"loc":{"start":{"line":18,"column":2},"end":{"line":18,"column":24}},"type":"if","locations":[{"start":{"line":18,"column":2},"end":{"line":18,"column":24}}]},"1":{"loc":{"start":{"line":31,"column":2},"end":{"line":31,"column":24}},"type":"if","locations":[{"start":{"line":31,"column":2},"end":{"line":31,"column":24}}]}},"s":{"0":2,"1":2,"2":2,"3":2,"4":2,"5":2,"6":1,"7":1,"8":1,"9":1,"10":2,"11":2,"12":2,"13":2,"14":2,"15":2,"16":2,"17":1,"18":1,"19":1,"20":1,"21":2,"22":2,"23":2,"24":2,"25":2,"26":2,"27":2,"28":2,"29":1,"30":1,"31":1,"32":1,"33":2},"f":{"0":1,"1":1,"2":2,"3":2,"4":2,"5":2},"b":{"0":[1],"1":[1]}}
,"/media/jb/Main/dev/simple-exchangerates-api/src/routes/rates/rates.schema.ts": {"path":"/media/jb/Main/dev/simple-exchangerates-api/src/routes/rates/rates.schema.ts","statementMap":{"0":{"start":{"line":1,"column":0},"end":{"line":1,"column":27}},"1":{"start":{"line":3,"column":13},"end":{"line":3,"column":68}},"2":{"start":{"line":5,"column":13},"end":{"line":9,"column":null}}},"fnMap":{},"branchMap":{},"s":{"0":2,"1":2,"2":2},"f":{},"b":{}}
,"/media/jb/Main/dev/simple-exchangerates-api/src/routes/rates/rates.service.ts": {"path":"/media/jb/Main/dev/simple-exchangerates-api/src/routes/rates/rates.service.ts","statementMap":{"0":{"start":{"line":2,"column":0},"end":{"line":2,"column":91}},"1":{"start":{"line":5,"column":32},"end":{"line":16,"column":null}},"2":{"start":{"line":5,"column":39},"end":{"line":5,"column":null}},"3":{"start":{"line":6,"column":8},"end":{"line":6,"column":null}},"4":{"start":{"line":8,"column":4},"end":{"line":14,"column":null}},"5":{"start":{"line":5,"column":13},"end":{"line":5,"column":32}},"6":{"start":{"line":18,"column":37},"end":{"line":36,"column":null}},"7":{"start":{"line":18,"column":52},"end":{"line":18,"column":54}},"8":{"start":{"line":18,"column":58},"end":{"line":18,"column":60}},"9":{"start":{"line":18,"column":62},"end":{"line":18,"column":86}},"10":{"start":{"line":20,"column":15},"end":{"line":20,"column":null}},"11":{"start":{"line":20,"column":8},"end":{"line":20,"column":null}},"12":{"start":{"line":22,"column":2},"end":{"line":35,"column":null}},"13":{"start":{"line":18,"column":13},"end":{"line":18,"column":37}}},"fnMap":{"0":{"name":"(anonymous_13)","decl":{"start":{"line":5,"column":32},"end":{"line":5,"column":39}},"loc":{"start":{"line":5,"column":67},"end":{"line":16,"column":null}}},"1":{"name":"(anonymous_16)","decl":{"start":{"line":18,"column":37},"end":{"line":18,"column":44}},"loc":{"start":{"line":18,"column":86},"end":{"line":36,"column":null}}}},"branchMap":{"0":{"loc":{"start":{"line":5,"column":39},"end":{"line":5,"column":null}},"type":"if","locations":[{"start":{"line":5,"column":39},"end":{"line":5,"column":null}}]},"1":{"loc":{"start":{"line":6,"column":16},"end":{"line":6,"column":97}},"type":"cond-expr","locations":[{"start":{"line":6,"column":41},"end":{"line":6,"column":62}},{"start":{"line":6,"column":64},"end":{"line":6,"column":97}}]},"2":{"loc":{"start":{"line":20,"column":15},"end":{"line":20,"column":null}},"type":"switch","locations":[{"start":{"line":20,"column":15},"end":{"line":20,"column":null}}]}},"s":{"0":3,"1":3,"2":5,"3":4,"4":4,"5":3,"6":3,"7":2,"8":2,"9":2,"10":2,"11":2,"12":2,"13":3},"f":{"0":4,"1":2},"b":{"0":[1],"1":[2,2],"2":[2]}}
,"/media/jb/Main/dev/simple-exchangerates-api/src/routes/transfers/index.ts": {"path":"/media/jb/Main/dev/simple-exchangerates-api/src/routes/transfers/index.ts","statementMap":{"0":{"start":{"line":1,"column":0},"end":{"line":1,"column":39}},"1":{"start":{"line":3,"column":0},"end":{"line":3,"column":null}}},"fnMap":{},"branchMap":{},"s":{"0":2,"1":2},"f":{},"b":{}}
,"/media/jb/Main/dev/simple-exchangerates-api/src/routes/transfers/transfers.router.ts": {"path":"/media/jb/Main/dev/simple-exchangerates-api/src/routes/transfers/transfers.router.ts","statementMap":{"0":{"start":{"line":2,"column":0},"end":{"line":2,"column":31}},"1":{"start":{"line":3,"column":0},"end":{"line":3,"column":49}},"2":{"start":{"line":4,"column":0},"end":{"line":4,"column":58}},"3":{"start":{"line":5,"column":0},"end":{"line":5,"column":63}},"4":{"start":{"line":7,"column":15},"end":{"line":7,"column":27}},"5":{"start":{"line":9,"column":0},"end":{"line":18,"column":null}},"6":{"start":{"line":9,"column":44},"end":{"line":18,"column":2}},"7":{"start":{"line":10,"column":8},"end":{"line":10,"column":39}},"8":{"start":{"line":11,"column":20},"end":{"line":11,"column":30}},"9":{"start":{"line":11,"column":30},"end":{"line":11,"column":null}},"10":{"start":{"line":11,"column":8},"end":{"line":11,"column":null}},"11":{"start":{"line":12,"column":2},"end":{"line":12,"column":24}},"12":{"start":{"line":12,"column":17},"end":{"line":12,"column":24}},"13":{"start":{"line":14,"column":8},"end":{"line":14,"column":64}},"14":{"start":{"line":16,"column":2},"end":{"line":16,"column":6}},"15":{"start":{"line":16,"column":14},"end":{"line":16,"column":null}},"16":{"start":{"line":16,"column":2},"end":{"line":16,"column":null}},"17":{"start":{"line":21,"column":0},"end":{"line":21,"column":null}}},"fnMap":{"0":{"name":"(anonymous_14)","decl":{"start":{"line":9,"column":25},"end":{"line":9,"column":32}},"loc":{"start":{"line":9,"column":44},"end":{"line":18,"column":2}}},"1":{"name":"(anonymous_15)","decl":{"start":{"line":9,"column":44},"end":{"line":9,"column":null}},"loc":{"start":{"line":9,"column":44},"end":{"line":18,"column":2}}}},"branchMap":{"0":{"loc":{"start":{"line":10,"column":29},"end":{"line":10,"column":39}},"type":"cond-expr","locations":[{"start":{"line":10,"column":32},"end":{"line":10,"column":34}},{"start":{"line":10,"column":34},"end":{"line":10,"column":39}}]},"1":{"loc":{"start":{"line":12,"column":2},"end":{"line":12,"column":24}},"type":"if","locations":[{"start":{"line":12,"column":2},"end":{"line":12,"column":24}}]},"2":{"loc":{"start":{"line":14,"column":19},"end":{"line":14,"column":63}},"type":"cond-expr","locations":[{"start":{"line":14,"column":44},"end":{"line":14,"column":51}},{"start":{"line":14,"column":54},"end":{"line":14,"column":63}}]}},"s":{"0":2,"1":2,"2":2,"3":2,"4":2,"5":2,"6":3,"7":3,"8":3,"9":3,"10":3,"11":3,"12":1,"13":2,"14":2,"15":2,"16":2,"17":2},"f":{"0":3,"1":3},"b":{"0":[0,3],"1":[1],"2":[1,1]}}
,"/media/jb/Main/dev/simple-exchangerates-api/src/routes/transfers/transfers.schema.ts": {"path":"/media/jb/Main/dev/simple-exchangerates-api/src/routes/transfers/transfers.schema.ts","statementMap":{"0":{"start":{"line":1,"column":0},"end":{"line":1,"column":27}},"1":{"start":{"line":2,"column":0},"end":{"line":2,"column":59}},"2":{"start":{"line":4,"column":13},"end":{"line":4,"column":null}},"3":{"start":{"line":6,"column":13},"end":{"line":13,"column":null}}},"fnMap":{},"branchMap":{},"s":{"0":2,"1":2,"2":2,"3":2},"f":{},"b":{}}
,"/media/jb/Main/dev/simple-exchangerates-api/src/routes/transfers/transfers.service.ts": {"path":"/media/jb/Main/dev/simple-exchangerates-api/src/routes/transfers/transfers.service.ts","statementMap":{"0":{"start":{"line":1,"column":0},"end":{"line":1,"column":46}},"1":{"start":{"line":3,"column":41},"end":{"line":23,"column":null}},"2":{"start":{"line":3,"column":86},"end":{"line":23,"column":null}},"3":{"start":{"line":4,"column":8},"end":{"line":11,"column":null}},"4":{"start":{"line":5,"column":30},"end":{"line":5,"column":44}},"5":{"start":{"line":5,"column":16},"end":{"line":5,"column":18}},"6":{"start":{"line":5,"column":26},"end":{"line":5,"column":30}},"7":{"start":{"line":7,"column":4},"end":{"line":10,"column":null}},"8":{"start":{"line":13,"column":28},"end":{"line":13,"column":null}},"9":{"start":{"line":13,"column":8},"end":{"line":13,"column":null}},"10":{"start":{"line":16,"column":2},"end":{"line":22,"column":null}},"11":{"start":{"line":3,"column":13},"end":{"line":3,"column":41}}},"fnMap":{"0":{"name":"(anonymous_13)","decl":{"start":{"line":3,"column":41},"end":{"line":3,"column":48}},"loc":{"start":{"line":3,"column":86},"end":{"line":23,"column":null}}},"1":{"name":"(anonymous_14)","decl":{"start":{"line":3,"column":86},"end":{"line":3,"column":null}},"loc":{"start":{"line":3,"column":86},"end":{"line":23,"column":null}}},"2":{"name":"(anonymous_16)","decl":{"start":{"line":4,"column":55},"end":{"line":4,"column":56}},"loc":{"start":{"line":4,"column":59},"end":{"line":11,"column":3}}}},"branchMap":{},"s":{"0":3,"1":3,"2":3,"3":3,"4":5,"5":5,"6":5,"7":5,"8":3,"9":3,"10":3,"11":3},"f":{"0":3,"1":3,"2":5},"b":{}}
,"/media/jb/Main/dev/simple-exchangerates-api/test/fixtures/exchangeRates.ts": {"path":"/media/jb/Main/dev/simple-exchangerates-api/test/fixtures/exchangeRates.ts","statementMap":{"0":{"start":{"line":1,"column":13},"end":{"line":24,"column":null}},"1":{"start":{"line":26,"column":13},"end":{"line":36,"column":null}}},"fnMap":{},"branchMap":{},"s":{"0":2,"1":2},"f":{},"b":{}}
}
