TN:
SF:src/app.ts
FNF:0
FNH:0
DA:1,2
DA:2,2
DA:3,2
DA:4,2
DA:5,2
DA:7,2
DA:9,2
DA:10,2
DA:11,2
DA:12,2
DA:14,2
LF:11
LH:11
BRF:0
BRH:0
end_of_record
TN:
SF:src/index.ts
FNF:0
FNH:0
DA:1,2
DA:2,2
LF:2
LH:2
BRF:0
BRH:0
end_of_record
TN:
SF:src/lib/rates.ts
FN:21,(anonymous_0)
FN:23,(anonymous_1)
FN:30,(anonymous_2)
FN:42,(anonymous_3)
FN:52,(anonymous_4)
FN:54,(anonymous_5)
FN:59,(anonymous_6)
FN:61,(anonymous_7)
FN:62,(anonymous_8)
FNF:9
FNH:9
FNDA:14,(anonymous_0)
FNDA:11,(anonymous_1)
FNDA:90,(anonymous_2)
FNDA:9,(anonymous_3)
FNDA:93,(anonymous_4)
FNDA:5,(anonymous_5)
FNDA:3,(anonymous_6)
FNDA:5,(anonymous_7)
FNDA:5,(anonymous_8)
DA:3,3
DA:17,3
DA:19,3
DA:21,14
DA:23,12
DA:24,11
DA:25,11
DA:27,10
DA:28,10
DA:30,10
DA:31,90
DA:32,90
DA:33,90
DA:34,90
DA:36,90
DA:38,90
DA:42,3
DA:44,9
DA:47,8
DA:49,8
DA:52,93
DA:54,3
DA:55,5
DA:59,3
DA:61,5
DA:62,5
DA:64,3
LF:27
LH:27
BRDA:23,0,0,1
BRDA:25,1,0,1
BRDA:32,2,0,10
BRDA:32,2,1,80
BRDA:33,3,0,10
BRDA:33,3,1,80
BRDA:34,4,0,90
BRDA:34,4,1,0
BRDA:44,5,0,1
BRDA:47,6,0,8
BRDA:47,6,1,0
BRDA:52,7,0,0
BRDA:55,8,0,5
BRDA:55,8,1,2
BRDA:55,9,0,5
BRDA:55,9,1,0
BRDA:55,10,0,2
BRDA:55,10,1,3
BRDA:55,11,0,5
BRDA:55,11,1,5
BRF:20
BRH:16
end_of_record
TN:
SF:src/lib/schema.ts
FN:3,(anonymous_13)
FN:3,(anonymous_14)
FNF:2
FNH:2
FNDA:7,(anonymous_13)
FNDA:7,(anonymous_14)
DA:3,7
DA:7,14
DA:8,4
DA:10,3
DA:11,3
DA:14,3
DA:19,3
LF:7
LH:7
BRF:0
BRH:0
end_of_record
TN:
SF:src/routes/rates/index.ts
FNF:0
FNH:0
DA:1,2
DA:3,2
LF:2
LH:2
BRF:0
BRH:0
end_of_record
TN:
SF:src/routes/rates/rates.router.ts
FN:11,(anonymous_16)
FN:11,(anonymous_17)
FN:15,(anonymous_19)
FN:15,(anonymous_20)
FN:24,(anonymous_22)
FN:24,(anonymous_23)
FNF:6
FNH:6
FNDA:1,(anonymous_16)
FNDA:1,(anonymous_17)
FNDA:2,(anonymous_19)
FNDA:2,(anonymous_20)
FNDA:2,(anonymous_22)
FNDA:2,(anonymous_23)
DA:2,2
DA:3,2
DA:5,2
DA:6,2
DA:9,2
DA:11,2
DA:12,1
DA:15,2
DA:16,2
DA:17,2
DA:18,2
DA:20,1
DA:24,2
DA:25,2
DA:26,2
DA:30,2
DA:31,2
DA:33,1
DA:37,2
LF:19
LH:19
BRDA:18,0,0,1
BRDA:31,1,0,1
BRF:2
BRH:2
end_of_record
TN:
SF:src/routes/rates/rates.schema.ts
FNF:0
FNH:0
DA:1,2
DA:3,2
DA:5,2
LF:3
LH:3
BRF:0
BRH:0
end_of_record
TN:
SF:src/routes/rates/rates.service.ts
FN:5,(anonymous_13)
FN:18,(anonymous_16)
FNF:2
FNH:2
FNDA:4,(anonymous_13)
FNDA:2,(anonymous_16)
DA:2,3
DA:5,5
DA:6,4
DA:8,4
DA:18,3
DA:20,2
DA:22,2
LF:7
LH:7
BRDA:5,0,0,1
BRDA:6,1,0,2
BRDA:6,1,1,2
BRDA:20,2,0,2
BRF:4
BRH:4
end_of_record
TN:
SF:src/routes/transfers/index.ts
FNF:0
FNH:0
DA:1,2
DA:3,2
LF:2
LH:2
BRF:0
BRH:0
end_of_record
TN:
SF:src/routes/transfers/transfers.router.ts
FN:9,(anonymous_14)
FN:9,(anonymous_15)
FNF:2
FNH:2
FNDA:3,(anonymous_14)
FNDA:3,(anonymous_15)
DA:2,2
DA:3,2
DA:4,2
DA:5,2
DA:7,2
DA:9,3
DA:10,3
DA:11,3
DA:12,3
DA:14,2
DA:16,2
DA:21,2
LF:12
LH:12
BRDA:10,0,0,0
BRDA:10,0,1,3
BRDA:12,1,0,1
BRDA:14,2,0,1
BRDA:14,2,1,1
BRF:5
BRH:4
end_of_record
TN:
SF:src/routes/transfers/transfers.schema.ts
FNF:0
FNH:0
DA:1,2
DA:2,2
DA:4,2
DA:6,2
LF:4
LH:4
BRF:0
BRH:0
end_of_record
TN:
SF:src/routes/transfers/transfers.service.ts
FN:3,(anonymous_13)
FN:3,(anonymous_14)
FN:4,(anonymous_16)
FNF:3
FNH:3
FNDA:3,(anonymous_13)
FNDA:3,(anonymous_14)
FNDA:5,(anonymous_16)
DA:1,3
DA:3,3
DA:4,3
DA:5,5
DA:7,5
DA:13,3
DA:16,3
LF:7
LH:7
BRF:0
BRH:0
end_of_record
TN:
SF:test/fixtures/exchangeRates.ts
FNF:0
FNH:0
DA:1,2
DA:26,2
LF:2
LH:2
BRF:0
BRH:0
end_of_record
